<?xml version="1.0" encoding="UTF-8"?>
<testsuite name="SmartTest" tests="1" skipped="0" failures="0" errors="0" timestamp="2023-03-25T10:34:07" hostname="LAPTOP-7F0SC70I" time="0.17">
  <properties/>
  <testcase name="taskTest()" classname="SmartTest" time="0.17"/>
  <system-out><![CDATA[]]></system-out>
  <system-err><![CDATA[]]></system-err>
</testsuite>
